<?xml version="1.0" encoding="UTF-8"?>
<!-- Generated by org.testng.reporters.JUnitReportReporter -->
<testsuite skipped="0" hostname="BLT1216" name="Seleniumdemo.Keyboard" tests="1" failures="0" timestamp="2020-02-20T10:07:13 IST" time="32.630" errors="0">
  <testcase name="key" time="32.630" classname="Seleniumdemo.Keyboard"/>
</testsuite> <!-- Seleniumdemo.Keyboard -->
