<?xml version="1.0" encoding="UTF-8"?>
<!-- Generated by org.testng.reporters.JUnitReportReporter -->
<testsuite skipped="0" hostname="BLT1216" name="TestNGdemo.PriorityTestCase" tests="3" failures="0" timestamp="2020-02-17T16:41:46 IST" time="0.016" errors="0">
  <testcase name="testcase2" time="0.016" classname="TestNGdemo.PriorityTestCase"/>
  <system-out/>
  <testcase name="testcase3" time="0.000" classname="TestNGdemo.PriorityTestCase"/>
  <system-out/>
  <testcase name="testcase1" time="0.000" classname="TestNGdemo.PriorityTestCase"/>
  <system-out/>
</testsuite> <!-- TestNGdemo.PriorityTestCase -->
