<?xml version="1.0" encoding="UTF-8"?>
<!-- Generated by org.testng.reporters.JUnitReportReporter -->
<testsuite skipped="0" hostname="BLT1216" name="TestNGdemo.SampleTestCase" tests="3" failures="0" timestamp="2020-02-17T16:18:06 IST" time="0.000" errors="0">
  <testcase name="testcase1" time="0.000" classname="TestNGdemo.SampleTestCase"/>
  <system-out/>
  <testcase name="testcase2" time="0.000" classname="TestNGdemo.SampleTestCase"/>
  <system-out/>
  <testcase name="testcase3" time="0.000" classname="TestNGdemo.SampleTestCase"/>
  <system-out/>
</testsuite> <!-- TestNGdemo.SampleTestCase -->
