<?xml version="1.0" encoding="UTF-8"?>
<!-- Generated by org.testng.reporters.JUnitReportReporter -->
<testsuite skipped="0" hostname="BLT1216" name="TestNGdemo.ParallelTestCase" tests="3" failures="0" timestamp="2020-02-17T14:17:26 IST" time="0.026" errors="0">
  <testcase name="testcase3" time="0.002" classname="TestNGdemo.ParallelTestCase"/>
  <system-out/>
  <testcase name="testcase2" time="0.002" classname="TestNGdemo.ParallelTestCase"/>
  <system-out/>
  <testcase name="testcase1" time="0.022" classname="TestNGdemo.ParallelTestCase"/>
  <system-out/>
</testsuite> <!-- TestNGdemo.ParallelTestCase -->
