<?xml version="1.0" encoding="UTF-8"?>
<!-- Generated by org.testng.reporters.JUnitReportReporter -->
<testsuite skipped="0" hostname="BLT1216" name="Seleniumdemo.ExcelLogin" tests="1" failures="0" timestamp="2020-02-18T14:26:20 IST" time="55.164" errors="0">
  <testcase name="excel" time="55.164" classname="Seleniumdemo.ExcelLogin"/>
</testsuite> <!-- Seleniumdemo.ExcelLogin -->
