<?xml version="1.0" encoding="UTF-8"?>
<!-- Generated by org.testng.reporters.JUnitReportReporter -->
<testsuite skipped="0" hostname="BLT1216" name="Seleniumdemo.WebTable" tests="1" failures="0" timestamp="2020-02-24T17:25:48 IST" time="10.186" errors="0">
  <testcase name="table" time="10.186" classname="Seleniumdemo.WebTable"/>
</testsuite> <!-- Seleniumdemo.WebTable -->
