<?xml version="1.0" encoding="UTF-8"?>
<!-- Generated by org.testng.reporters.JUnitReportReporter -->
<testsuite skipped="0" hostname="BLT1216" name="Seleniumdemo.HeadLessBrowser" tests="1" failures="0" timestamp="2020-02-19T17:10:25 IST" time="3.668" errors="0">
  <testcase name="login" time="3.668" classname="Seleniumdemo.HeadLessBrowser"/>
</testsuite> <!-- Seleniumdemo.HeadLessBrowser -->
