<?xml version="1.0" encoding="UTF-8"?>
<!-- Generated by org.testng.reporters.JUnitReportReporter -->
<testsuite skipped="0" hostname="BLT1216" name="TestNGdemo.ParallelTestCase1" tests="3" failures="0" timestamp="2020-02-17T14:17:26 IST" time="0.023" errors="0">
  <testcase name="testcase6" time="0.002" classname="TestNGdemo.ParallelTestCase1"/>
  <system-out/>
  <testcase name="testcase4" time="0.019" classname="TestNGdemo.ParallelTestCase1"/>
  <system-out/>
  <testcase name="testcase5" time="0.002" classname="TestNGdemo.ParallelTestCase1"/>
  <system-out/>
</testsuite> <!-- TestNGdemo.ParallelTestCase1 -->
