<?xml version="1.0" encoding="UTF-8"?>
<!-- Generated by org.testng.reporters.JUnitReportReporter -->
<testsuite skipped="0" hostname="BLT1216" name="Seleniumdemo.ScrollDownUp" tests="1" failures="0" timestamp="2020-02-21T11:21:14 IST" time="30.187" errors="0">
  <testcase name="ByPixel" time="30.187" classname="Seleniumdemo.ScrollDownUp"/>
</testsuite> <!-- Seleniumdemo.ScrollDownUp -->
