<?xml version="1.0" encoding="UTF-8"?>
<!-- Generated by org.testng.reporters.JUnitReportReporter -->
<testsuite skipped="0" hostname="BLT1216" name="Seleniumdemo.ScrollDownUp" tests="1" failures="0" timestamp="2020-02-21T11:43:51 IST" time="18.735" errors="0">
  <testcase name="ByPixel" time="18.735" classname="Seleniumdemo.ScrollDownUp"/>
</testsuite> <!-- Seleniumdemo.ScrollDownUp -->
