<?xml version="1.0" encoding="UTF-8"?>
<!-- Generated by org.testng.reporters.JUnitReportReporter -->
<testsuite skipped="0" hostname="BLT1216" name="Seleniumdemo.WindowHandling" tests="1" failures="0" timestamp="2020-02-19T17:13:31 IST" time="18.018" errors="0">
  <testcase name="irctclogin" time="18.018" classname="Seleniumdemo.WindowHandling"/>
</testsuite> <!-- Seleniumdemo.WindowHandling -->
