<?xml version="1.0" encoding="UTF-8"?>
<!-- Generated by org.testng.reporters.JUnitReportReporter -->
<testsuite skipped="0" hostname="BLT1216" name="TestNGdemo.LinkedInTestCase" tests="1" failures="0" timestamp="2020-02-17T16:36:17 IST" time="20.657" errors="0">
  <testcase name="Signin" time="20.657" classname="TestNGdemo.LinkedInTestCase"/>
  <system-out/>
</testsuite> <!-- TestNGdemo.LinkedInTestCase -->
