<?xml version="1.0" encoding="UTF-8"?>
<!-- Generated by org.testng.reporters.JUnitReportReporter -->
<testsuite skipped="0" hostname="BLT1216" name="FileUploadDemo.FileUpload" tests="1" failures="0" timestamp="2020-02-24T15:22:44 IST" time="23.707" errors="0">
  <testcase name="file" time="23.707" classname="FileUploadDemo.FileUpload"/>
</testsuite> <!-- FileUploadDemo.FileUpload -->
