<?xml version="1.0" encoding="UTF-8"?>
<!-- Generated by org.testng.reporters.JUnitReportReporter -->
<testsuite skipped="0" hostname="BLT1216" name="GradleDemo.BasicTest" tests="1" failures="0" timestamp="2020-02-20T11:19:01 IST" time="7.789" errors="0">
  <testcase name="key" time="7.789" classname="GradleDemo.BasicTest"/>
  <system-out/>
</testsuite> <!-- GradleDemo.BasicTest -->
