<?xml version="1.0" encoding="UTF-8"?>
<!-- Generated by org.testng.reporters.JUnitReportReporter -->
<testsuite skipped="0" hostname="BLT1216" name="TestCases.LoginPageTestCase" tests="1" failures="0" timestamp="2020-02-19T12:21:31 IST" time="23.200" errors="0">
  <testcase name="Login" time="23.200" classname="TestCases.LoginPageTestCase"/>
  <system-out/>
</testsuite> <!-- TestCases.LoginPageTestCase -->
