<?xml version="1.0" encoding="UTF-8"?>
<!-- Generated by org.testng.reporters.JUnitReportReporter -->
<testsuite skipped="0" hostname="BLT1216" name="TestCases.TestCase1" tests="1" failures="0" timestamp="2020-02-20T13:45:40 IST" time="13.409" errors="0">
  <testcase name="Login" time="13.409" classname="TestCases.TestCase1"/>
  <system-out/>
</testsuite> <!-- TestCases.TestCase1 -->
