<?xml version="1.0" encoding="UTF-8"?>
<!-- Generated by org.testng.reporters.JUnitReportReporter -->
<testsuite skipped="0" hostname="BLT1216" name="DataProvider.dataprovider" tests="3" failures="0" timestamp="2020-03-03T15:10:38 IST" time="25.321" errors="0">
  <testcase name="login" time="7.787" classname="DataProvider.dataprovider"/>
  <testcase name="login" time="8.077" classname="DataProvider.dataprovider"/>
  <testcase name="login" time="9.457" classname="DataProvider.dataprovider"/>
</testsuite> <!-- DataProvider.dataprovider -->
