<?xml version="1.0" encoding="UTF-8"?>
<!-- Generated by org.testng.reporters.JUnitReportReporter -->
<testsuite skipped="0" hostname="BLT1216" name="TestCase.DriverScrp" tests="1" failures="0" timestamp="2020-02-28T11:24:49 IST" time="1.123" errors="0">
  <testcase name="script" time="1.123" classname="TestCase.DriverScrp"/>
</testsuite> <!-- TestCase.DriverScrp -->
