<?xml version="1.0" encoding="UTF-8"?>
<!-- Generated by org.testng.reporters.JUnitReportReporter -->
<testsuite skipped="0" hostname="BLT1216" name="com.TestCase.PhpTravelsTestcase" tests="1" failures="0" timestamp="2020-03-11T18:22:34 IST" time="38.804" errors="0">
  <testcase name="Testcase" time="38.804" classname="com.TestCase.PhpTravelsTestcase"/>
</testsuite> <!-- com.TestCase.PhpTravelsTestcase -->
